2025-02-10 07:36:22 - Starting EcommerceApplication using Java 17.0.4.1 with PID 10336 (C:\Users\pablo\Desktop\Cursos de spring\E-commerce_19_01_25\EcommerceBackend\target\classes started by pablo in C:\Users\pablo\Desktop\Cursos de spring\E-commerce_19_01_25\EcommerceBackend)
2025-02-10 07:36:22 - The following 1 profile is active: "dev"
2025-02-10 07:36:22 - The Class-Path manifest attribute in C:\Users\pablo\.m2\repository\io\github\cdimascio\java-dotenv\5.2.2\java-dotenv-5.2.2.jar referenced one or more files that do not exist: file:/C:/Users/pablo/.m2/repository/io/github/cdimascio/java-dotenv/5.2.2/kotlin-stdlib-1.4.0.jar,file:/C:/Users/pablo/.m2/repository/io/github/cdimascio/java-dotenv/5.2.2/kotlin-stdlib-common-1.4.0.jar,file:/C:/Users/pablo/.m2/repository/io/github/cdimascio/java-dotenv/5.2.2/annotations-13.0.jar
2025-02-10 07:36:22 - Devtools property defaults active! Set 'spring.devtools.add-properties' to 'false' to disable
2025-02-10 07:36:22 - For additional web related logging consider setting the 'logging.level.web' property to 'DEBUG'
2025-02-10 07:36:23 - Bootstrapping Spring Data JPA repositories in DEFAULT mode.
2025-02-10 07:36:23 - Finished Spring Data repository scanning in 44 ms. Found 4 JPA repository interfaces.
2025-02-10 07:36:23 - Tomcat initialized with port 8085 (http)
2025-02-10 07:36:23 - Initializing ProtocolHandler ["http-nio-8085"]
2025-02-10 07:36:23 - Starting service [Tomcat]
2025-02-10 07:36:23 - Starting Servlet engine: [Apache Tomcat/10.1.33]
2025-02-10 07:36:23 - Initializing Spring embedded WebApplicationContext
2025-02-10 07:36:23 - Root WebApplicationContext: initialization completed in 1116 ms
2025-02-10 07:36:23 - HHH000204: Processing PersistenceUnitInfo [name: default]
2025-02-10 07:36:23 - HHH000412: Hibernate ORM core version 6.6.2.Final
2025-02-10 07:36:23 - HHH000026: Second-level cache disabled
2025-02-10 07:36:23 - No LoadTimeWeaver setup: ignoring JPA class transformer
2025-02-10 07:36:23 - HikariPool-1 - Starting...
2025-02-10 07:36:24 - HikariPool-1 - Added connection org.postgresql.jdbc.PgConnection@5e92b267
2025-02-10 07:36:24 - HikariPool-1 - Start completed.
2025-02-10 07:36:24 - HHH90000025: PostgreSQLDialect does not need to be specified explicitly using 'hibernate.dialect' (remove the property setting and it will be selected by default)
2025-02-10 07:36:24 - HHH10001005: Database info:
	Database JDBC URL [Connecting through datasource 'HikariDataSource (HikariPool-1)']
	Database driver: undefined/unknown
	Database version: 17.2
	Autocommit mode: undefined/unknown
	Isolation level: undefined/unknown
	Minimum pool size: undefined/unknown
	Maximum pool size: undefined/unknown
2025-02-10 07:36:24 - HHH000489: No JTA platform available (set 'hibernate.transaction.jta.platform' to enable JTA platform integration)
2025-02-10 07:36:24 - Initialized JPA EntityManagerFactory for persistence unit 'default'
2025-02-10 07:36:25 - Hibernate is in classpath; If applicable, HQL parser will be used.
2025-02-10 07:36:25 - Global AuthenticationManager configured with UserDetailsService bean with name customUserDetailService
2025-02-10 07:36:25 - spring.jpa.open-in-view is enabled by default. Therefore, database queries may be performed during view rendering. Explicitly configure spring.jpa.open-in-view to disable this warning
2025-02-10 07:36:25 - LiveReload server is running on port 35729
2025-02-10 07:36:25 - Starting ProtocolHandler ["http-nio-8085"]
2025-02-10 07:36:25 - Tomcat started on port 8085 (http) with context path '/'
2025-02-10 07:36:25 - Started EcommerceApplication in 3.831 seconds (process running for 4.311)
2025-02-10 07:43:58 - Restarting due to 69 class path changes (0 additions, 0 deletions, 69 modifications)
2025-02-10 07:43:58 - Commencing graceful shutdown. Waiting for active requests to complete
2025-02-10 07:43:58 - Pausing ProtocolHandler ["http-nio-8085"]
2025-02-10 07:43:58 - Graceful shutdown complete
2025-02-10 07:43:58 - Stopping ProtocolHandler ["http-nio-8085"]
2025-02-10 07:43:58 - Closing JPA EntityManagerFactory for persistence unit 'default'
2025-02-10 07:43:58 - HikariPool-1 - Shutdown initiated...
2025-02-10 07:43:58 - HikariPool-1 - Shutdown completed.
2025-02-10 07:43:58 - Starting EcommerceApplication using Java 17.0.4.1 with PID 10336 (C:\Users\pablo\Desktop\Cursos de spring\E-commerce_19_01_25\EcommerceBackend\target\classes started by pablo in C:\Users\pablo\Desktop\Cursos de spring\E-commerce_19_01_25\EcommerceBackend)
2025-02-10 07:43:58 - The following 1 profile is active: "dev"
2025-02-10 07:43:59 - Bootstrapping Spring Data JPA repositories in DEFAULT mode.
2025-02-10 07:43:59 - Finished Spring Data repository scanning in 15 ms. Found 4 JPA repository interfaces.
2025-02-10 07:43:59 - Tomcat initialized with port 8085 (http)
2025-02-10 07:43:59 - Initializing ProtocolHandler ["http-nio-8085"]
2025-02-10 07:43:59 - Starting service [Tomcat]
2025-02-10 07:43:59 - Starting Servlet engine: [Apache Tomcat/10.1.33]
2025-02-10 07:43:59 - Initializing Spring embedded WebApplicationContext
2025-02-10 07:43:59 - Root WebApplicationContext: initialization completed in 277 ms
2025-02-10 07:43:59 - HHH000204: Processing PersistenceUnitInfo [name: default]
2025-02-10 07:43:59 - HHH000026: Second-level cache disabled
2025-02-10 07:43:59 - No LoadTimeWeaver setup: ignoring JPA class transformer
2025-02-10 07:43:59 - HikariPool-2 - Starting...
2025-02-10 07:43:59 - HikariPool-2 - Added connection org.postgresql.jdbc.PgConnection@35cb6790
2025-02-10 07:43:59 - HikariPool-2 - Start completed.
2025-02-10 07:43:59 - HHH90000025: PostgreSQLDialect does not need to be specified explicitly using 'hibernate.dialect' (remove the property setting and it will be selected by default)
2025-02-10 07:43:59 - HHH10001005: Database info:
	Database JDBC URL [Connecting through datasource 'HikariDataSource (HikariPool-2)']
	Database driver: undefined/unknown
	Database version: 17.2
	Autocommit mode: undefined/unknown
	Isolation level: undefined/unknown
	Minimum pool size: undefined/unknown
	Maximum pool size: undefined/unknown
2025-02-10 07:43:59 - HHH000489: No JTA platform available (set 'hibernate.transaction.jta.platform' to enable JTA platform integration)
2025-02-10 07:43:59 - Initialized JPA EntityManagerFactory for persistence unit 'default'
2025-02-10 07:43:59 - Global AuthenticationManager configured with UserDetailsService bean with name customUserDetailService
2025-02-10 07:43:59 - spring.jpa.open-in-view is enabled by default. Therefore, database queries may be performed during view rendering. Explicitly configure spring.jpa.open-in-view to disable this warning
2025-02-10 07:43:59 - LiveReload server is running on port 35729
2025-02-10 07:43:59 - Starting ProtocolHandler ["http-nio-8085"]
2025-02-10 07:43:59 - Tomcat started on port 8085 (http) with context path '/'
2025-02-10 07:43:59 - Started EcommerceApplication in 0.704 seconds (process running for 458.001)
2025-02-10 07:43:59 - Condition evaluation unchanged
2025-02-10 07:44:04 - Application shutdown requested.
2025-02-10 07:44:04 - Commencing graceful shutdown. Waiting for active requests to complete
2025-02-10 07:44:04 - Pausing ProtocolHandler ["http-nio-8085"]
2025-02-10 07:44:04 - Graceful shutdown complete
2025-02-10 07:44:04 - Stopping ProtocolHandler ["http-nio-8085"]
2025-02-10 07:44:04 - Closing JPA EntityManagerFactory for persistence unit 'default'
2025-02-10 07:44:04 - HikariPool-2 - Shutdown initiated...
2025-02-10 07:44:04 - HikariPool-2 - Shutdown completed.
