2025-02-05 13:25:40 - Starting EcommerceApplication using Java 17.0.4.1 with PID 3556 (C:\Users\pablo\Desktop\Cursos de spring\E-commerce_19_01_25\EcommerceBackend\target\classes started by pablo in C:\Users\pablo\Desktop\Cursos de spring\E-commerce_19_01_25\EcommerceBackend)
2025-02-05 13:25:40 - The following 1 profile is active: "dev"
2025-02-05 13:25:40 - Bootstrapping Spring Data JPA repositories in DEFAULT mode.
2025-02-05 13:25:40 - Finished Spring Data repository scanning in 18 ms. Found 4 JPA repository interfaces.
2025-02-05 13:25:40 - Tomcat initialized with port 8085 (http)
2025-02-05 13:25:40 - Starting service [Tomcat]
2025-02-05 13:25:40 - Starting Servlet engine: [Apache Tomcat/10.1.34]
2025-02-05 13:25:40 - Initializing Spring embedded WebApplicationContext
2025-02-05 13:25:40 - Root WebApplicationContext: initialization completed in 350 ms
2025-02-05 13:25:40 - HHH000204: Processing PersistenceUnitInfo [name: default]
2025-02-05 13:25:40 - HHH000026: Second-level cache disabled
2025-02-05 13:25:40 - No LoadTimeWeaver setup: ignoring JPA class transformer
2025-02-05 13:25:40 - HikariPool-52 - Starting...
2025-02-05 13:25:40 - HikariPool-52 - Added connection org.postgresql.jdbc.PgConnection@7f43aac4
2025-02-05 13:25:40 - HikariPool-52 - Start completed.
2025-02-05 13:25:40 - HHH90000025: PostgreSQLDialect does not need to be specified explicitly using 'hibernate.dialect' (remove the property setting and it will be selected by default)
2025-02-05 13:25:40 - HHH000489: No JTA platform available (set 'hibernate.transaction.jta.platform' to enable JTA platform integration)
2025-02-05 13:25:40 - Initialized JPA EntityManagerFactory for persistence unit 'default'
2025-02-05 13:25:40 - Global AuthenticationManager configured with UserDetailsService bean with name customUserDetailService
2025-02-05 13:25:40 - spring.jpa.open-in-view is enabled by default. Therefore, database queries may be performed during view rendering. Explicitly configure spring.jpa.open-in-view to disable this warning
2025-02-05 13:25:41 - LiveReload server is running on port 35729
2025-02-05 13:25:41 - Tomcat started on port 8085 (http) with context path '/'
2025-02-05 13:25:41 - Started EcommerceApplication in 0.955 seconds (process running for 23751.232)
2025-02-05 13:25:41 - Condition evaluation unchanged
2025-02-05 13:26:09 - Restarting due to 1 class path change (0 additions, 0 deletions, 1 modification)
2025-02-05 13:26:09 - Closing JPA EntityManagerFactory for persistence unit 'default'
2025-02-05 13:26:09 - HikariPool-52 - Shutdown initiated...
2025-02-05 13:26:09 - HikariPool-52 - Shutdown completed.
